<?xml version="1.0" encoding="UTF-8"?>
<!-- Generated by org.testng.reporters.JUnitReportReporter -->
<testsuite skipped="0" hostname="Pavithri-PC" name="test.Myu" tests="2" failures="0" timestamp="23 Jun 2017 11:51:09 GMT" time="42.539" errors="0">
  <testcase name="testRegistration" time="36.776" classname="test.Myu"/>
  <testcase name="testLogin" time="5.763" classname="test.Myu"/>
</testsuite> <!-- test.Myu -->
