<?xml version="1.0" encoding="UTF-8"?>
<!-- Generated by org.testng.reporters.JUnitReportReporter -->
<testsuite skipped="0" hostname="Pavithri-PC" name="test.KryGuruTest" tests="2" failures="0" timestamp="23 Jun 2017 16:47:05 GMT" time="33.731" errors="0">
  <testcase name="loginTest" time="7.302" classname="test.KryGuruTest"/>
  <testcase name="registrationTest" time="26.429" classname="test.KryGuruTest"/>
</testsuite> <!-- test.KryGuruTest -->
